<?xml version="1.0" encoding="UTF-8"?>
<testsuite xmlns:xsi="http://www.w3.org/2001/XMLSchema-instance" xsi:noNamespaceSchemaLocation="https://maven.apache.org/surefire/maven-surefire-plugin/xsd/surefire-test-report-3.0.xsd" version="3.0" name="htj.answerservice.AnswerServiceApplicationTests" time="4.912" tests="1" errors="0" skipped="0" failures="0">
  <properties>
[...]
</properties>
  <testcase name="contextLoads" classname="htj.answerservice.AnswerServiceApplicationTests" time="0.448">
    <system-out><![CDATA[13:28:38,035 |-INFO in ch.qos.logback.classic.LoggerContext[default] - This is logback-classic version 1.4.11
13:28:38,038 |-INFO in ch.qos.logback.classic.util.ContextInitializer@6622fc65 - Here is a list of configurators discovered as a service, by rank: 
13:28:38,038 |-INFO in ch.qos.logback.classic.util.ContextInitializer@6622fc65 -   org.springframework.boot.logging.logback.RootLogLevelConfigurator
13:28:38,038 |-INFO in ch.qos.logback.classic.util.ContextInitializer@6622fc65 - They will be invoked in order until ExecutionStatus.DO_NOT_INVOKE_NEXT_IF_ANY is returned.
13:28:38,038 |-INFO in ch.qos.logback.classic.util.ContextInitializer@6622fc65 - Constructed configurator of type class org.springframework.boot.logging.logback.RootLogLevelConfigurator
13:28:38,045 |-INFO in ch.qos.logback.classic.util.ContextInitializer@6622fc65 - org.springframework.boot.logging.logback.RootLogLevelConfigurator.configure() call lasted 0 milliseconds. ExecutionStatus=INVOKE_NEXT_IF_ANY
13:28:38,045 |-INFO in ch.qos.logback.classic.util.ContextInitializer@6622fc65 - Trying to configure with ch.qos.logback.classic.joran.SerializedModelConfigurator
13:28:38,046 |-INFO in ch.qos.logback.classic.util.ContextInitializer@6622fc65 - Constructed configurator of type class ch.qos.logback.classic.joran.SerializedModelConfigurator
13:28:38,059 |-INFO in ch.qos.logback.classic.LoggerContext[default] - Could NOT find resource [logback-test.scmo]
13:28:38,060 |-INFO in ch.qos.logback.classic.LoggerContext[default] - Could NOT find resource [logback.scmo]
13:28:38,060 |-INFO in ch.qos.logback.classic.util.ContextInitializer@6622fc65 - ch.qos.logback.classic.joran.SerializedModelConfigurator.configure() call lasted 14 milliseconds. ExecutionStatus=INVOKE_NEXT_IF_ANY
13:28:38,060 |-INFO in ch.qos.logback.classic.util.ContextInitializer@6622fc65 - Trying to configure with ch.qos.logback.classic.util.DefaultJoranConfigurator
13:28:38,060 |-INFO in ch.qos.logback.classic.util.ContextInitializer@6622fc65 - Constructed configurator of type class ch.qos.logback.classic.util.DefaultJoranConfigurator
13:28:38,060 |-INFO in ch.qos.logback.classic.LoggerContext[default] - Could NOT find resource [logback-test.xml]
13:28:38,062 |-INFO in ch.qos.logback.classic.LoggerContext[default] - Found resource [logback.xml] at [file:/C:/Users/t-jon/OneDrive%20-%20IEPSCF%20Marche-en-Famenne/Bac%204%20-%20Info%20de%20gestion/Epreuve%20int%C3%A9gr%C3%A9e/m%C3%A9moire%20-%20code/PROJETRH.V3.1/answer-service/target/classes/logback.xml]
13:28:38,140 |-INFO in ch.qos.logback.core.model.processor.AppenderModelHandler - Processing appender named [STDOUT]
13:28:38,140 |-INFO in ch.qos.logback.core.model.processor.AppenderModelHandler - About to instantiate appender of type [ch.qos.logback.core.ConsoleAppender]
13:28:38,144 |-INFO in ch.qos.logback.core.model.processor.ImplicitModelHandler - Assuming default type [ch.qos.logback.classic.encoder.PatternLayoutEncoder] for [encoder] property
13:28:38,181 |-INFO in ch.qos.logback.core.model.processor.AppenderModelHandler - Processing appender named [SIZE_TIME_OUTPUT_FILE]
13:28:38,181 |-INFO in ch.qos.logback.core.model.processor.AppenderModelHandler - About to instantiate appender of type [ch.qos.logback.core.rolling.RollingFileAppender]
13:28:38,185 |-INFO in ch.qos.logback.core.model.processor.ImplicitModelHandler - Assuming default type [ch.qos.logback.classic.encoder.PatternLayoutEncoder] for [encoder] property
13:28:38,192 |-INFO in c.q.l.core.rolling.TimeBasedRollingPolicy@697508322 - No compression will be used
13:28:38,193 |-INFO in c.q.l.core.rolling.TimeBasedRollingPolicy@697508322 - Will use the pattern logs/archived/answer-service_journal.%d{yyyy-MM-dd}.%i.log for the active file
13:28:38,196 |-INFO in ch.qos.logback.core.rolling.SizeAndTimeBasedFNATP@23fb172e - The date pattern is 'yyyy-MM-dd' from file name pattern 'logs/archived/answer-service_journal.%d{yyyy-MM-dd}.%i.log'.
13:28:38,196 |-INFO in ch.qos.logback.core.rolling.SizeAndTimeBasedFNATP@23fb172e - Roll-over at midnight.
13:28:38,197 |-INFO in ch.qos.logback.core.rolling.SizeAndTimeBasedFNATP@23fb172e - Setting initial period to 2024-05-19T11:02:06.201Z
13:28:38,198 |-WARN in ch.qos.logback.core.rolling.SizeAndTimeBasedFNATP@23fb172e - SizeAndTimeBasedFNATP is deprecated. Use SizeAndTimeBasedRollingPolicy instead
13:28:38,198 |-WARN in ch.qos.logback.core.rolling.SizeAndTimeBasedFNATP@23fb172e - For more information see http://logback.qos.ch/manual/appenders.html#SizeAndTimeBasedRollingPolicy
13:28:38,204 |-INFO in ch.qos.logback.core.rolling.RollingFileAppender[SIZE_TIME_OUTPUT_FILE] - Active log file name: logs/answer-service_journal.log
13:28:38,204 |-INFO in ch.qos.logback.core.rolling.RollingFileAppender[SIZE_TIME_OUTPUT_FILE] - File property is set to [logs/answer-service_journal.log]
13:28:38,206 |-INFO in ch.qos.logback.classic.model.processor.RootLoggerModelHandler - Setting level of ROOT logger to INFO
13:28:38,206 |-INFO in ch.qos.logback.core.model.processor.AppenderRefModelHandler - Attaching appender named [SIZE_TIME_OUTPUT_FILE] to Logger[ROOT]
13:28:38,207 |-INFO in ch.qos.logback.core.model.processor.AppenderRefModelHandler - Attaching appender named [STDOUT] to Logger[ROOT]
13:28:38,207 |-INFO in ch.qos.logback.core.model.processor.DefaultProcessor@64ba3208 - End of configuration.
13:28:38,207 |-INFO in ch.qos.logback.classic.joran.JoranConfigurator@158a3b2e - Registering current configuration as safe fallback point
13:28:38,207 |-INFO in ch.qos.logback.classic.util.ContextInitializer@6622fc65 - ch.qos.logback.classic.util.DefaultJoranConfigurator.configure() call lasted 147 milliseconds. ExecutionStatus=DO_NOT_INVOKE_NEXT_IF_ANY

2024-05-19T13:28:38.287+02:00 &amp#27;[34mINFO &amp#27;[0;39m [main] o.s.t.c.s.AnnotationConfigContextLoaderUtils - Could not detect default configuration classes for test class [htj.answerservice.AnswerServiceApplicationTests]: AnswerServiceApplicationTests does not declare any static, non-private, non-final, nested classes annotated with @Configuration.
2024-05-19T13:28:38.384+02:00 &amp#27;[34mINFO &amp#27;[0;39m [main] o.s.b.t.c.SpringBootTestContextBootstrapper - Found @SpringBootConfiguration htj.answerservice.AnswerServiceApplication for test class htj.answerservice.AnswerServiceApplicationTests
13:28:38,672 |-INFO in ch.qos.logback.core.model.processor.AppenderModelHandler - Processing appender named [STDOUT]
13:28:38,672 |-INFO in ch.qos.logback.core.model.processor.AppenderModelHandler - About to instantiate appender of type [ch.qos.logback.core.ConsoleAppender]
13:28:38,673 |-INFO in ch.qos.logback.core.model.processor.ImplicitModelHandler - Assuming default type [ch.qos.logback.classic.encoder.PatternLayoutEncoder] for [encoder] property
13:28:38,673 |-INFO in ch.qos.logback.core.model.processor.AppenderModelHandler - Processing appender named [SIZE_TIME_OUTPUT_FILE]
13:28:38,673 |-INFO in ch.qos.logback.core.model.processor.AppenderModelHandler - About to instantiate appender of type [ch.qos.logback.core.rolling.RollingFileAppender]
13:28:38,673 |-INFO in ch.qos.logback.core.model.processor.ImplicitModelHandler - Assuming default type [ch.qos.logback.classic.encoder.PatternLayoutEncoder] for [encoder] property
13:28:38,674 |-INFO in c.q.l.core.rolling.TimeBasedRollingPolicy@1726519676 - No compression will be used
13:28:38,674 |-INFO in c.q.l.core.rolling.TimeBasedRollingPolicy@1726519676 - Will use the pattern logs/archived/answer-service_journal.%d{yyyy-MM-dd}.%i.log for the active file
13:28:38,674 |-INFO in ch.qos.logback.core.rolling.SizeAndTimeBasedFNATP@6f0cb5a1 - The date pattern is 'yyyy-MM-dd' from file name pattern 'logs/archived/answer-service_journal.%d{yyyy-MM-dd}.%i.log'.
13:28:38,674 |-INFO in ch.qos.logback.core.rolling.SizeAndTimeBasedFNATP@6f0cb5a1 - Roll-over at midnight.
13:28:38,675 |-INFO in ch.qos.logback.core.rolling.SizeAndTimeBasedFNATP@6f0cb5a1 - Setting initial period to 2024-05-19T11:28:38.384Z
13:28:38,675 |-WARN in ch.qos.logback.core.rolling.SizeAndTimeBasedFNATP@6f0cb5a1 - SizeAndTimeBasedFNATP is deprecated. Use SizeAndTimeBasedRollingPolicy instead
13:28:38,675 |-WARN in ch.qos.logback.core.rolling.SizeAndTimeBasedFNATP@6f0cb5a1 - For more information see http://logback.qos.ch/manual/appenders.html#SizeAndTimeBasedRollingPolicy
13:28:38,675 |-INFO in ch.qos.logback.core.rolling.RollingFileAppender[SIZE_TIME_OUTPUT_FILE] - Active log file name: logs/answer-service_journal.log
13:28:38,675 |-INFO in ch.qos.logback.core.rolling.RollingFileAppender[SIZE_TIME_OUTPUT_FILE] - File property is set to [logs/answer-service_journal.log]
13:28:38,675 |-INFO in ch.qos.logback.classic.model.processor.RootLoggerModelHandler - Setting level of ROOT logger to INFO
13:28:38,675 |-INFO in ch.qos.logback.classic.jul.LevelChangePropagator@1b29d52b - Propagating INFO level on Logger[ROOT] onto the JUL framework
13:28:38,676 |-INFO in ch.qos.logback.core.model.processor.AppenderRefModelHandler - Attaching appender named [SIZE_TIME_OUTPUT_FILE] to Logger[ROOT]
13:28:38,676 |-INFO in ch.qos.logback.core.model.processor.AppenderRefModelHandler - Attaching appender named [STDOUT] to Logger[ROOT]
13:28:38,676 |-INFO in ch.qos.logback.core.model.processor.DefaultProcessor@47547132 - End of configuration.
13:28:38,676 |-INFO in org.springframework.boot.logging.logback.SpringBootJoranConfigurator@655523dd - Registering current configuration as safe fallback point


  .   ____          _            __ _ _
 /\\ / ___'_ __ _ _(_)_ __  __ _ \ \ \ \
( ( )\___ | '_ | '_| | '_ \/ _` | \ \ \ \
 \\/  ___)| |_)| | | | | || (_| |  ) ) ) )
  '  |____| .__|_| |_|_| |_\__, | / / / /
 =========|_|==============|___/=/_/_/_/
&amp#27;[32m :: Spring Boot :: &amp#27;[39m     &amp#27;[2m (v3.2.0-SNAPSHOT)&amp#27;[0;39m

2024-05-19T13:28:38.721+02:00 &amp#27;[34mINFO &amp#27;[0;39m [main] h.a.AnswerServiceApplicationTests - Starting AnswerServiceApplicationTests using Java 17.0.3 with PID 19624 (started by t-jon in C:\Users\t-jon\OneDrive - IEPSCF Marche-en-Famenne\Bac 4 - Info de gestion\Epreuve intégrée\mémoire - code\PROJETRH.V3.1\answer-service)
2024-05-19T13:28:38.723+02:00 &amp#27;[34mINFO &amp#27;[0;39m [main] h.a.AnswerServiceApplicationTests - No active profile set, falling back to 1 default profile: "default"
2024-05-19T13:28:39.310+02:00 &amp#27;[34mINFO &amp#27;[0;39m [main] o.s.d.r.c.RepositoryConfigurationDelegate - Bootstrapping Spring Data JPA repositories in DEFAULT mode.
2024-05-19T13:28:39.373+02:00 &amp#27;[34mINFO &amp#27;[0;39m [main] o.s.d.r.c.RepositoryConfigurationDelegate - Finished Spring Data repository scanning in 49 ms. Found 1 JPA repository interface.
2024-05-19T13:28:39.763+02:00 &amp#27;[34mINFO &amp#27;[0;39m [main] o.h.j.i.u.LogHelper - HHH000204: Processing PersistenceUnitInfo [name: default]
2024-05-19T13:28:39.823+02:00 &amp#27;[34mINFO &amp#27;[0;39m [main] o.h.Version - HHH000412: Hibernate ORM core version 6.3.1.Final
2024-05-19T13:28:39.858+02:00 &amp#27;[34mINFO &amp#27;[0;39m [main] o.h.c.i.RegionFactoryInitiator - HHH000026: Second-level cache disabled
2024-05-19T13:28:40.160+02:00 &amp#27;[34mINFO &amp#27;[0;39m [main] o.s.o.j.p.SpringPersistenceUnitInfo - No LoadTimeWeaver setup: ignoring JPA class transformer
2024-05-19T13:28:40.187+02:00 &amp#27;[34mINFO &amp#27;[0;39m [main] c.z.h.HikariDataSource - HikariPool-1 - Starting...
2024-05-19T13:28:40.525+02:00 &amp#27;[34mINFO &amp#27;[0;39m [main] c.z.h.p.HikariPool - HikariPool-1 - Added connection com.mysql.cj.jdbc.ConnectionImpl@1e5b33e5
2024-05-19T13:28:40.527+02:00 &amp#27;[34mINFO &amp#27;[0;39m [main] c.z.h.HikariDataSource - HikariPool-1 - Start completed.
2024-05-19T13:28:40.577+02:00 &amp#27;[31mWARN &amp#27;[0;39m [main] o.h.o.deprecation - HHH90000025: MySQLDialect does not need to be specified explicitly using 'hibernate.dialect' (remove the property setting and it will be selected by default)
2024-05-19T13:28:41.528+02:00 &amp#27;[34mINFO &amp#27;[0;39m [main] o.h.e.t.j.p.i.JtaPlatformInitiator - HHH000489: No JTA platform available (set 'hibernate.transaction.jta.platform' to enable JTA platform integration)
2024-05-19T13:28:41.660+02:00 &amp#27;[34mINFO &amp#27;[0;39m [main] o.s.o.j.LocalContainerEntityManagerFactoryBean - Initialized JPA EntityManagerFactory for persistence unit 'default'
2024-05-19T13:28:42.161+02:00 &amp#27;[31mWARN &amp#27;[0;39m [main] o.s.b.a.o.j.JpaBaseConfiguration$JpaWebConfiguration - spring.jpa.open-in-view is enabled by default. Therefore, database queries may be performed during view rendering. Explicitly configure spring.jpa.open-in-view to disable this warning
2024-05-19T13:28:42.456+02:00 &amp#27;[34mINFO &amp#27;[0;39m [main] h.a.AnswerServiceApplicationTests - Started AnswerServiceApplicationTests in 3.946 seconds (process running for 4.943)
]]></system-out>
  </testcase>
</testsuite>