<?xml version="1.0" encoding="UTF-8"?>
<testsuite xmlns:xsi="http://www.w3.org/2001/XMLSchema-instance" xsi:noNamespaceSchemaLocation="https://maven.apache.org/surefire/maven-surefire-plugin/xsd/surefire-test-report-3.0.xsd" version="3.0" name="htj.resultservice.ResultServiceApplicationTests" time="5.982" tests="1" errors="0" skipped="0" failures="0">
  <properties>
[...]
</properties>
  <testcase name="contextLoads" classname="htj.resultservice.ResultServiceApplicationTests" time="0.483">
    <system-out><![CDATA[13:30:57,575 |-INFO in ch.qos.logback.classic.LoggerContext[default] - This is logback-classic version 1.4.11
13:30:57,577 |-INFO in ch.qos.logback.classic.util.ContextInitializer@6ee6f53 - Here is a list of configurators discovered as a service, by rank: 
13:30:57,577 |-INFO in ch.qos.logback.classic.util.ContextInitializer@6ee6f53 -   org.springframework.boot.logging.logback.RootLogLevelConfigurator
13:30:57,577 |-INFO in ch.qos.logback.classic.util.ContextInitializer@6ee6f53 - They will be invoked in order until ExecutionStatus.DO_NOT_INVOKE_NEXT_IF_ANY is returned.
13:30:57,578 |-INFO in ch.qos.logback.classic.util.ContextInitializer@6ee6f53 - Constructed configurator of type class org.springframework.boot.logging.logback.RootLogLevelConfigurator
13:30:57,585 |-INFO in ch.qos.logback.classic.util.ContextInitializer@6ee6f53 - org.springframework.boot.logging.logback.RootLogLevelConfigurator.configure() call lasted 1 milliseconds. ExecutionStatus=INVOKE_NEXT_IF_ANY
13:30:57,585 |-INFO in ch.qos.logback.classic.util.ContextInitializer@6ee6f53 - Trying to configure with ch.qos.logback.classic.joran.SerializedModelConfigurator
13:30:57,585 |-INFO in ch.qos.logback.classic.util.ContextInitializer@6ee6f53 - Constructed configurator of type class ch.qos.logback.classic.joran.SerializedModelConfigurator
13:30:57,601 |-INFO in ch.qos.logback.classic.LoggerContext[default] - Could NOT find resource [logback-test.scmo]
13:30:57,601 |-INFO in ch.qos.logback.classic.LoggerContext[default] - Could NOT find resource [logback.scmo]
13:30:57,601 |-INFO in ch.qos.logback.classic.util.ContextInitializer@6ee6f53 - ch.qos.logback.classic.joran.SerializedModelConfigurator.configure() call lasted 16 milliseconds. ExecutionStatus=INVOKE_NEXT_IF_ANY
13:30:57,601 |-INFO in ch.qos.logback.classic.util.ContextInitializer@6ee6f53 - Trying to configure with ch.qos.logback.classic.util.DefaultJoranConfigurator
13:30:57,601 |-INFO in ch.qos.logback.classic.util.ContextInitializer@6ee6f53 - Constructed configurator of type class ch.qos.logback.classic.util.DefaultJoranConfigurator
13:30:57,602 |-INFO in ch.qos.logback.classic.LoggerContext[default] - Could NOT find resource [logback-test.xml]
13:30:57,604 |-INFO in ch.qos.logback.classic.LoggerContext[default] - Found resource [logback.xml] at [file:/C:/Users/t-jon/OneDrive%20-%20IEPSCF%20Marche-en-Famenne/Bac%204%20-%20Info%20de%20gestion/Epreuve%20int%C3%A9gr%C3%A9e/m%C3%A9moire%20-%20code/PROJETRH.V3.1/result-service/target/classes/logback.xml]
13:30:57,694 |-INFO in ch.qos.logback.core.model.processor.AppenderModelHandler - Processing appender named [STDOUT]
13:30:57,694 |-INFO in ch.qos.logback.core.model.processor.AppenderModelHandler - About to instantiate appender of type [ch.qos.logback.core.ConsoleAppender]
13:30:57,700 |-INFO in ch.qos.logback.core.model.processor.ImplicitModelHandler - Assuming default type [ch.qos.logback.classic.encoder.PatternLayoutEncoder] for [encoder] property
13:30:57,737 |-INFO in ch.qos.logback.core.model.processor.AppenderModelHandler - Processing appender named [SIZE_TIME_OUTPUT_FILE]
13:30:57,737 |-INFO in ch.qos.logback.core.model.processor.AppenderModelHandler - About to instantiate appender of type [ch.qos.logback.core.rolling.RollingFileAppender]
13:30:57,740 |-INFO in ch.qos.logback.core.model.processor.ImplicitModelHandler - Assuming default type [ch.qos.logback.classic.encoder.PatternLayoutEncoder] for [encoder] property
13:30:57,747 |-INFO in c.q.l.core.rolling.TimeBasedRollingPolicy@1109113497 - No compression will be used
13:30:57,748 |-INFO in c.q.l.core.rolling.TimeBasedRollingPolicy@1109113497 - Will use the pattern logs/archived/result-service_journal.%d{yyyy-MM-dd}.%i.log for the active file
13:30:57,752 |-INFO in ch.qos.logback.core.rolling.SizeAndTimeBasedFNATP@5d12a356 - The date pattern is 'yyyy-MM-dd' from file name pattern 'logs/archived/result-service_journal.%d{yyyy-MM-dd}.%i.log'.
13:30:57,752 |-INFO in ch.qos.logback.core.rolling.SizeAndTimeBasedFNATP@5d12a356 - Roll-over at midnight.
13:30:57,753 |-INFO in ch.qos.logback.core.rolling.SizeAndTimeBasedFNATP@5d12a356 - Setting initial period to 2024-05-19T11:04:33.037Z
13:30:57,754 |-WARN in ch.qos.logback.core.rolling.SizeAndTimeBasedFNATP@5d12a356 - SizeAndTimeBasedFNATP is deprecated. Use SizeAndTimeBasedRollingPolicy instead
13:30:57,754 |-WARN in ch.qos.logback.core.rolling.SizeAndTimeBasedFNATP@5d12a356 - For more information see http://logback.qos.ch/manual/appenders.html#SizeAndTimeBasedRollingPolicy
13:30:57,761 |-INFO in ch.qos.logback.core.rolling.RollingFileAppender[SIZE_TIME_OUTPUT_FILE] - Active log file name: logs/result-service_journal.log
13:30:57,761 |-INFO in ch.qos.logback.core.rolling.RollingFileAppender[SIZE_TIME_OUTPUT_FILE] - File property is set to [logs/result-service_journal.log]
13:30:57,762 |-INFO in ch.qos.logback.classic.model.processor.RootLoggerModelHandler - Setting level of ROOT logger to INFO
13:30:57,762 |-INFO in ch.qos.logback.core.model.processor.AppenderRefModelHandler - Attaching appender named [SIZE_TIME_OUTPUT_FILE] to Logger[ROOT]
13:30:57,763 |-INFO in ch.qos.logback.core.model.processor.AppenderRefModelHandler - Attaching appender named [STDOUT] to Logger[ROOT]
13:30:57,763 |-INFO in ch.qos.logback.core.model.processor.DefaultProcessor@134d26af - End of configuration.
13:30:57,763 |-INFO in ch.qos.logback.classic.joran.JoranConfigurator@66ac5762 - Registering current configuration as safe fallback point
13:30:57,763 |-INFO in ch.qos.logback.classic.util.ContextInitializer@6ee6f53 - ch.qos.logback.classic.util.DefaultJoranConfigurator.configure() call lasted 162 milliseconds. ExecutionStatus=DO_NOT_INVOKE_NEXT_IF_ANY

2024-05-19T13:30:57.905+02:00 &amp#27;[34mINFO &amp#27;[0;39m [main] o.s.t.c.s.AnnotationConfigContextLoaderUtils - Could not detect default configuration classes for test class [htj.resultservice.ResultServiceApplicationTests]: ResultServiceApplicationTests does not declare any static, non-private, non-final, nested classes annotated with @Configuration.
2024-05-19T13:30:58.006+02:00 &amp#27;[34mINFO &amp#27;[0;39m [main] o.s.b.t.c.SpringBootTestContextBootstrapper - Found @SpringBootConfiguration htj.resultservice.ResultServiceApplication for test class htj.resultservice.ResultServiceApplicationTests
13:30:58,359 |-INFO in ch.qos.logback.core.model.processor.AppenderModelHandler - Processing appender named [STDOUT]
13:30:58,359 |-INFO in ch.qos.logback.core.model.processor.AppenderModelHandler - About to instantiate appender of type [ch.qos.logback.core.ConsoleAppender]
13:30:58,360 |-INFO in ch.qos.logback.core.model.processor.ImplicitModelHandler - Assuming default type [ch.qos.logback.classic.encoder.PatternLayoutEncoder] for [encoder] property
13:30:58,360 |-INFO in ch.qos.logback.core.model.processor.AppenderModelHandler - Processing appender named [SIZE_TIME_OUTPUT_FILE]
13:30:58,360 |-INFO in ch.qos.logback.core.model.processor.AppenderModelHandler - About to instantiate appender of type [ch.qos.logback.core.rolling.RollingFileAppender]
13:30:58,360 |-INFO in ch.qos.logback.core.model.processor.ImplicitModelHandler - Assuming default type [ch.qos.logback.classic.encoder.PatternLayoutEncoder] for [encoder] property
13:30:58,361 |-INFO in c.q.l.core.rolling.TimeBasedRollingPolicy@28010264 - No compression will be used
13:30:58,361 |-INFO in c.q.l.core.rolling.TimeBasedRollingPolicy@28010264 - Will use the pattern logs/archived/result-service_journal.%d{yyyy-MM-dd}.%i.log for the active file
13:30:58,362 |-INFO in ch.qos.logback.core.rolling.SizeAndTimeBasedFNATP@3910fe11 - The date pattern is 'yyyy-MM-dd' from file name pattern 'logs/archived/result-service_journal.%d{yyyy-MM-dd}.%i.log'.
13:30:58,362 |-INFO in ch.qos.logback.core.rolling.SizeAndTimeBasedFNATP@3910fe11 - Roll-over at midnight.
13:30:58,362 |-INFO in ch.qos.logback.core.rolling.SizeAndTimeBasedFNATP@3910fe11 - Setting initial period to 2024-05-19T11:30:58.006Z
13:30:58,362 |-WARN in ch.qos.logback.core.rolling.SizeAndTimeBasedFNATP@3910fe11 - SizeAndTimeBasedFNATP is deprecated. Use SizeAndTimeBasedRollingPolicy instead
13:30:58,362 |-WARN in ch.qos.logback.core.rolling.SizeAndTimeBasedFNATP@3910fe11 - For more information see http://logback.qos.ch/manual/appenders.html#SizeAndTimeBasedRollingPolicy
13:30:58,363 |-INFO in ch.qos.logback.core.rolling.RollingFileAppender[SIZE_TIME_OUTPUT_FILE] - Active log file name: logs/result-service_journal.log
13:30:58,363 |-INFO in ch.qos.logback.core.rolling.RollingFileAppender[SIZE_TIME_OUTPUT_FILE] - File property is set to [logs/result-service_journal.log]
13:30:58,363 |-INFO in ch.qos.logback.classic.model.processor.RootLoggerModelHandler - Setting level of ROOT logger to INFO
13:30:58,364 |-INFO in ch.qos.logback.classic.jul.LevelChangePropagator@460510aa - Propagating INFO level on Logger[ROOT] onto the JUL framework
13:30:58,364 |-INFO in ch.qos.logback.core.model.processor.AppenderRefModelHandler - Attaching appender named [SIZE_TIME_OUTPUT_FILE] to Logger[ROOT]
13:30:58,364 |-INFO in ch.qos.logback.core.model.processor.AppenderRefModelHandler - Attaching appender named [STDOUT] to Logger[ROOT]
13:30:58,364 |-INFO in ch.qos.logback.core.model.processor.DefaultProcessor@351e414e - End of configuration.
13:30:58,364 |-INFO in org.springframework.boot.logging.logback.SpringBootJoranConfigurator@6fd77352 - Registering current configuration as safe fallback point


  .   ____          _            __ _ _
 /\\ / ___'_ __ _ _(_)_ __  __ _ \ \ \ \
( ( )\___ | '_ | '_| | '_ \/ _` | \ \ \ \
 \\/  ___)| |_)| | | | | || (_| |  ) ) ) )
  '  |____| .__|_| |_|_| |_\__, | / / / /
 =========|_|==============|___/=/_/_/_/
&amp#27;[32m :: Spring Boot :: &amp#27;[39m     &amp#27;[2m (v3.2.0-SNAPSHOT)&amp#27;[0;39m

2024-05-19T13:30:58.417+02:00 &amp#27;[34mINFO &amp#27;[0;39m [main] h.r.ResultServiceApplicationTests - Starting ResultServiceApplicationTests using Java 17.0.3 with PID 4456 (started by t-jon in C:\Users\t-jon\OneDrive - IEPSCF Marche-en-Famenne\Bac 4 - Info de gestion\Epreuve intégrée\mémoire - code\PROJETRH.V3.1\result-service)
2024-05-19T13:30:58.418+02:00 &amp#27;[34mINFO &amp#27;[0;39m [main] h.r.ResultServiceApplicationTests - No active profile set, falling back to 1 default profile: "default"
2024-05-19T13:30:59.069+02:00 &amp#27;[34mINFO &amp#27;[0;39m [main] o.s.d.r.c.RepositoryConfigurationDelegate - Bootstrapping Spring Data JPA repositories in DEFAULT mode.
2024-05-19T13:30:59.131+02:00 &amp#27;[34mINFO &amp#27;[0;39m [main] o.s.d.r.c.RepositoryConfigurationDelegate - Finished Spring Data repository scanning in 50 ms. Found 1 JPA repository interface.
2024-05-19T13:30:59.644+02:00 &amp#27;[34mINFO &amp#27;[0;39m [main] o.h.j.i.u.LogHelper - HHH000204: Processing PersistenceUnitInfo [name: default]
2024-05-19T13:30:59.716+02:00 &amp#27;[34mINFO &amp#27;[0;39m [main] o.h.Version - HHH000412: Hibernate ORM core version 6.3.1.Final
2024-05-19T13:30:59.762+02:00 &amp#27;[34mINFO &amp#27;[0;39m [main] o.h.c.i.RegionFactoryInitiator - HHH000026: Second-level cache disabled
2024-05-19T13:31:00.069+02:00 &amp#27;[34mINFO &amp#27;[0;39m [main] o.s.o.j.p.SpringPersistenceUnitInfo - No LoadTimeWeaver setup: ignoring JPA class transformer
2024-05-19T13:31:00.097+02:00 &amp#27;[34mINFO &amp#27;[0;39m [main] c.z.h.HikariDataSource - HikariPool-1 - Starting...
2024-05-19T13:31:00.447+02:00 &amp#27;[34mINFO &amp#27;[0;39m [main] c.z.h.p.HikariPool - HikariPool-1 - Added connection com.mysql.cj.jdbc.ConnectionImpl@616f81b5
2024-05-19T13:31:00.450+02:00 &amp#27;[34mINFO &amp#27;[0;39m [main] c.z.h.HikariDataSource - HikariPool-1 - Start completed.
2024-05-19T13:31:00.500+02:00 &amp#27;[31mWARN &amp#27;[0;39m [main] o.h.o.deprecation - HHH90000025: MySQLDialect does not need to be specified explicitly using 'hibernate.dialect' (remove the property setting and it will be selected by default)
2024-05-19T13:31:01.706+02:00 &amp#27;[34mINFO &amp#27;[0;39m [main] o.h.e.t.j.p.i.JtaPlatformInitiator - HHH000489: No JTA platform available (set 'hibernate.transaction.jta.platform' to enable JTA platform integration)
2024-05-19T13:31:01.846+02:00 &amp#27;[34mINFO &amp#27;[0;39m [main] o.s.o.j.LocalContainerEntityManagerFactoryBean - Initialized JPA EntityManagerFactory for persistence unit 'default'
2024-05-19T13:31:02.198+02:00 &amp#27;[34mINFO &amp#27;[0;39m [main] o.s.d.j.r.q.QueryEnhancerFactory - Hibernate is in classpath; If applicable, HQL parser will be used.
2024-05-19T13:31:02.718+02:00 &amp#27;[31mWARN &amp#27;[0;39m [main] o.s.b.a.o.j.JpaBaseConfiguration$JpaWebConfiguration - spring.jpa.open-in-view is enabled by default. Therefore, database queries may be performed during view rendering. Explicitly configure spring.jpa.open-in-view to disable this warning
2024-05-19T13:31:03.143+02:00 &amp#27;[34mINFO &amp#27;[0;39m [main] o.a.k.c.c.ConsumerConfig - ConsumerConfig values: 
	allow.auto.create.topics = true
	auto.commit.interval.ms = 5000
	auto.include.jmx.reporter = true
	auto.offset.reset = latest
	bootstrap.servers = [http://localhost:9092]
	check.crcs = true
	client.dns.lookup = use_all_dns_ips
	client.id = consumer-my-group-1
	client.rack = 
	connections.max.idle.ms = 540000
	default.api.timeout.ms = 60000
	enable.auto.commit = false
	exclude.internal.topics = true
	fetch.max.bytes = 52428800
	fetch.max.wait.ms = 500
	fetch.min.bytes = 1
	group.id = my-group
	group.instance.id = null
	heartbeat.interval.ms = 3000
	interceptor.classes = []
	internal.leave.group.on.close = true
	internal.throw.on.fetch.stable.offset.unsupported = false
	isolation.level = read_uncommitted
	key.deserializer = class org.apache.kafka.common.serialization.StringDeserializer
	max.partition.fetch.bytes = 1048576
	max.poll.interval.ms = 300000
	max.poll.records = 500
	metadata.max.age.ms = 300000
	metric.reporters = []
	metrics.num.samples = 2
	metrics.recording.level = INFO
	metrics.sample.window.ms = 30000
	partition.assignment.strategy = [class org.apache.kafka.clients.consumer.RangeAssignor, class org.apache.kafka.clients.consumer.CooperativeStickyAssignor]
	receive.buffer.bytes = 65536
	reconnect.backoff.max.ms = 1000
	reconnect.backoff.ms = 50
	request.timeout.ms = 30000
	retry.backoff.ms = 100
	sasl.client.callback.handler.class = null
	sasl.jaas.config = null
	sasl.kerberos.kinit.cmd = /usr/bin/kinit
	sasl.kerberos.min.time.before.relogin = 60000
	sasl.kerberos.service.name = null
	sasl.kerberos.ticket.renew.jitter = 0.05
	sasl.kerberos.ticket.renew.window.factor = 0.8
	sasl.login.callback.handler.class = null
	sasl.login.class = null
	sasl.login.connect.timeout.ms = null
	sasl.login.read.timeout.ms = null
	sasl.login.refresh.buffer.seconds = 300
	sasl.login.refresh.min.period.seconds = 60
	sasl.login.refresh.window.factor = 0.8
	sasl.login.refresh.window.jitter = 0.05
	sasl.login.retry.backoff.max.ms = 10000
	sasl.login.retry.backoff.ms = 100
	sasl.mechanism = GSSAPI
	sasl.oauthbearer.clock.skew.seconds = 30
	sasl.oauthbearer.expected.audience = null
	sasl.oauthbearer.expected.issuer = null
	sasl.oauthbearer.jwks.endpoint.refresh.ms = 3600000
	sasl.oauthbearer.jwks.endpoint.retry.backoff.max.ms = 10000
	sasl.oauthbearer.jwks.endpoint.retry.backoff.ms = 100
	sasl.oauthbearer.jwks.endpoint.url = null
	sasl.oauthbearer.scope.claim.name = scope
	sasl.oauthbearer.sub.claim.name = sub
	sasl.oauthbearer.token.endpoint.url = null
	security.protocol = PLAINTEXT
	security.providers = null
	send.buffer.bytes = 131072
	session.timeout.ms = 45000
	socket.connection.setup.timeout.max.ms = 30000
	socket.connection.setup.timeout.ms = 10000
	ssl.cipher.suites = null
	ssl.enabled.protocols = [TLSv1.2, TLSv1.3]
	ssl.endpoint.identification.algorithm = https
	ssl.engine.factory.class = null
	ssl.key.password = null
	ssl.keymanager.algorithm = SunX509
	ssl.keystore.certificate.chain = null
	ssl.keystore.key = null
	ssl.keystore.location = null
	ssl.keystore.password = null
	ssl.keystore.type = JKS
	ssl.protocol = TLSv1.3
	ssl.provider = null
	ssl.secure.random.implementation = null
	ssl.trustmanager.algorithm = PKIX
	ssl.truststore.certificates = null
	ssl.truststore.location = null
	ssl.truststore.password = null
	ssl.truststore.type = JKS
	value.deserializer = class org.apache.kafka.common.serialization.StringDeserializer

2024-05-19T13:31:03.280+02:00 &amp#27;[34mINFO &amp#27;[0;39m [main] o.a.k.c.u.AppInfoParser - Kafka version: 3.6.0
2024-05-19T13:31:03.281+02:00 &amp#27;[34mINFO &amp#27;[0;39m [main] o.a.k.c.u.AppInfoParser - Kafka commitId: 60e845626d8a465a
2024-05-19T13:31:03.281+02:00 &amp#27;[34mINFO &amp#27;[0;39m [main] o.a.k.c.u.AppInfoParser - Kafka startTimeMs: 1716118263279
2024-05-19T13:31:03.283+02:00 &amp#27;[34mINFO &amp#27;[0;39m [main] o.s.k.c.DefaultKafkaConsumerFactory$ExtendedKafkaConsumer - [Consumer clientId=consumer-my-group-1, groupId=my-group] Subscribed to topic(s): results_add
2024-05-19T13:31:03.295+02:00 &amp#27;[34mINFO &amp#27;[0;39m [main] h.r.ResultServiceApplicationTests - Started ResultServiceApplicationTests in 5.147 seconds (process running for 6.267)
2024-05-19T13:31:03.503+02:00 &amp#27;[34mINFO &amp#27;[0;39m [org.springframework.kafka.KafkaListenerEndpointContainer#0-0-C-1] o.a.k.c.NetworkClient - [Consumer clientId=consumer-my-group-1, groupId=my-group] Node -1 disconnected.
2024-05-19T13:31:03.504+02:00 &amp#27;[31mWARN &amp#27;[0;39m [org.springframework.kafka.KafkaListenerEndpointContainer#0-0-C-1] o.a.k.c.NetworkClient - [Consumer clientId=consumer-my-group-1, groupId=my-group] Connection to node -1 (localhost/127.0.0.1:9092) could not be established. Broker may not be available.
2024-05-19T13:31:03.504+02:00 &amp#27;[31mWARN &amp#27;[0;39m [org.springframework.kafka.KafkaListenerEndpointContainer#0-0-C-1] o.a.k.c.NetworkClient - [Consumer clientId=consumer-my-group-1, groupId=my-group] Bootstrap broker localhost:9092 (id: -1 rack: null) disconnected
2024-05-19T13:31:03.604+02:00 &amp#27;[34mINFO &amp#27;[0;39m [org.springframework.kafka.KafkaListenerEndpointContainer#0-0-C-1] o.a.k.c.NetworkClient - [Consumer clientId=consumer-my-group-1, groupId=my-group] Node -1 disconnected.
2024-05-19T13:31:03.604+02:00 &amp#27;[31mWARN &amp#27;[0;39m [org.springframework.kafka.KafkaListenerEndpointContainer#0-0-C-1] o.a.k.c.NetworkClient - [Consumer clientId=consumer-my-group-1, groupId=my-group] Connection to node -1 (localhost/127.0.0.1:9092) could not be established. Broker may not be available.
2024-05-19T13:31:03.605+02:00 &amp#27;[31mWARN &amp#27;[0;39m [org.springframework.kafka.KafkaListenerEndpointContainer#0-0-C-1] o.a.k.c.NetworkClient - [Consumer clientId=consumer-my-group-1, groupId=my-group] Bootstrap broker localhost:9092 (id: -1 rack: null) disconnected
2024-05-19T13:31:03.714+02:00 &amp#27;[34mINFO &amp#27;[0;39m [org.springframework.kafka.KafkaListenerEndpointContainer#0-0-C-1] o.a.k.c.NetworkClient - [Consumer clientId=consumer-my-group-1, groupId=my-group] Node -1 disconnected.
2024-05-19T13:31:03.715+02:00 &amp#27;[31mWARN &amp#27;[0;39m [org.springframework.kafka.KafkaListenerEndpointContainer#0-0-C-1] o.a.k.c.NetworkClient - [Consumer clientId=consumer-my-group-1, groupId=my-group] Connection to node -1 (localhost/127.0.0.1:9092) could not be established. Broker may not be available.
2024-05-19T13:31:03.715+02:00 &amp#27;[31mWARN &amp#27;[0;39m [org.springframework.kafka.KafkaListenerEndpointContainer#0-0-C-1] o.a.k.c.NetworkClient - [Consumer clientId=consumer-my-group-1, groupId=my-group] Bootstrap broker localhost:9092 (id: -1 rack: null) disconnected
]]></system-out>
  </testcase>
</testsuite>