<?xml version="1.0" encoding="UTF-8"?>
<testsuite xmlns:xsi="http://www.w3.org/2001/XMLSchema-instance" xsi:noNamespaceSchemaLocation="https://maven.apache.org/surefire/maven-surefire-plugin/xsd/surefire-test-report-3.0.xsd" version="3.0" name="htj.gatewayservice.GatewayServiceApplicationTests" time="3.849" tests="1" errors="0" skipped="0" failures="0">
  <properties>
[...]
</properties>
  <testcase name="contextLoads" classname="htj.gatewayservice.GatewayServiceApplicationTests" time="0.785">
    <system-out><![CDATA[13:29:38,656 |-INFO in ch.qos.logback.classic.LoggerContext[default] - This is logback-classic version 1.4.11
13:29:38,658 |-INFO in ch.qos.logback.classic.util.ContextInitializer@61a88b8c - Here is a list of configurators discovered as a service, by rank: 
13:29:38,659 |-INFO in ch.qos.logback.classic.util.ContextInitializer@61a88b8c -   org.springframework.boot.logging.logback.RootLogLevelConfigurator
13:29:38,659 |-INFO in ch.qos.logback.classic.util.ContextInitializer@61a88b8c - They will be invoked in order until ExecutionStatus.DO_NOT_INVOKE_NEXT_IF_ANY is returned.
13:29:38,659 |-INFO in ch.qos.logback.classic.util.ContextInitializer@61a88b8c - Constructed configurator of type class org.springframework.boot.logging.logback.RootLogLevelConfigurator
13:29:38,688 |-INFO in ch.qos.logback.classic.util.ContextInitializer@61a88b8c - org.springframework.boot.logging.logback.RootLogLevelConfigurator.configure() call lasted 0 milliseconds. ExecutionStatus=INVOKE_NEXT_IF_ANY
13:29:38,688 |-INFO in ch.qos.logback.classic.util.ContextInitializer@61a88b8c - Trying to configure with ch.qos.logback.classic.joran.SerializedModelConfigurator
13:29:38,689 |-INFO in ch.qos.logback.classic.util.ContextInitializer@61a88b8c - Constructed configurator of type class ch.qos.logback.classic.joran.SerializedModelConfigurator
13:29:38,708 |-INFO in ch.qos.logback.classic.LoggerContext[default] - Could NOT find resource [logback-test.scmo]
13:29:38,708 |-INFO in ch.qos.logback.classic.LoggerContext[default] - Could NOT find resource [logback.scmo]
13:29:38,708 |-INFO in ch.qos.logback.classic.util.ContextInitializer@61a88b8c - ch.qos.logback.classic.joran.SerializedModelConfigurator.configure() call lasted 19 milliseconds. ExecutionStatus=INVOKE_NEXT_IF_ANY
13:29:38,708 |-INFO in ch.qos.logback.classic.util.ContextInitializer@61a88b8c - Trying to configure with ch.qos.logback.classic.util.DefaultJoranConfigurator
13:29:38,709 |-INFO in ch.qos.logback.classic.util.ContextInitializer@61a88b8c - Constructed configurator of type class ch.qos.logback.classic.util.DefaultJoranConfigurator
13:29:38,709 |-INFO in ch.qos.logback.classic.LoggerContext[default] - Could NOT find resource [logback-test.xml]
13:29:38,710 |-INFO in ch.qos.logback.classic.LoggerContext[default] - Found resource [logback.xml] at [file:/C:/Users/t-jon/OneDrive%20-%20IEPSCF%20Marche-en-Famenne/Bac%204%20-%20Info%20de%20gestion/Epreuve%20int%C3%A9gr%C3%A9e/m%C3%A9moire%20-%20code/PROJETRH.V3.1/gateway-service/target/classes/logback.xml]
13:29:38,799 |-INFO in ch.qos.logback.core.model.processor.AppenderModelHandler - Processing appender named [STDOUT]
13:29:38,799 |-INFO in ch.qos.logback.core.model.processor.AppenderModelHandler - About to instantiate appender of type [ch.qos.logback.core.ConsoleAppender]
13:29:38,804 |-INFO in ch.qos.logback.core.model.processor.ImplicitModelHandler - Assuming default type [ch.qos.logback.classic.encoder.PatternLayoutEncoder] for [encoder] property
13:29:38,843 |-INFO in ch.qos.logback.core.model.processor.AppenderModelHandler - Processing appender named [SIZE_TIME_OUTPUT_FILE]
13:29:38,843 |-INFO in ch.qos.logback.core.model.processor.AppenderModelHandler - About to instantiate appender of type [ch.qos.logback.core.rolling.RollingFileAppender]
13:29:38,847 |-INFO in ch.qos.logback.core.model.processor.ImplicitModelHandler - Assuming default type [ch.qos.logback.classic.encoder.PatternLayoutEncoder] for [encoder] property
13:29:38,855 |-INFO in c.q.l.core.rolling.TimeBasedRollingPolicy@573136580 - No compression will be used
13:29:38,857 |-INFO in c.q.l.core.rolling.TimeBasedRollingPolicy@573136580 - Will use the pattern logs/archived/gateway-service_journal.%d{yyyy-MM-dd}.%i.log for the active file
13:29:38,862 |-INFO in ch.qos.logback.core.rolling.SizeAndTimeBasedFNATP@5adb0db3 - The date pattern is 'yyyy-MM-dd' from file name pattern 'logs/archived/gateway-service_journal.%d{yyyy-MM-dd}.%i.log'.
13:29:38,862 |-INFO in ch.qos.logback.core.rolling.SizeAndTimeBasedFNATP@5adb0db3 - Roll-over at midnight.
13:29:38,863 |-INFO in ch.qos.logback.core.rolling.SizeAndTimeBasedFNATP@5adb0db3 - Setting initial period to 2024-05-19T11:03:13.981Z
13:29:38,864 |-WARN in ch.qos.logback.core.rolling.SizeAndTimeBasedFNATP@5adb0db3 - SizeAndTimeBasedFNATP is deprecated. Use SizeAndTimeBasedRollingPolicy instead
13:29:38,864 |-WARN in ch.qos.logback.core.rolling.SizeAndTimeBasedFNATP@5adb0db3 - For more information see http://logback.qos.ch/manual/appenders.html#SizeAndTimeBasedRollingPolicy
13:29:38,870 |-INFO in ch.qos.logback.core.rolling.RollingFileAppender[SIZE_TIME_OUTPUT_FILE] - Active log file name: logs/gateway-service_journal.log
13:29:38,870 |-INFO in ch.qos.logback.core.rolling.RollingFileAppender[SIZE_TIME_OUTPUT_FILE] - File property is set to [logs/gateway-service_journal.log]
13:29:38,871 |-INFO in ch.qos.logback.classic.model.processor.RootLoggerModelHandler - Setting level of ROOT logger to INFO
13:29:38,871 |-INFO in ch.qos.logback.core.model.processor.AppenderRefModelHandler - Attaching appender named [SIZE_TIME_OUTPUT_FILE] to Logger[ROOT]
13:29:38,872 |-INFO in ch.qos.logback.core.model.processor.AppenderRefModelHandler - Attaching appender named [STDOUT] to Logger[ROOT]
13:29:38,872 |-INFO in ch.qos.logback.core.model.processor.DefaultProcessor@3f270e0a - End of configuration.
13:29:38,872 |-INFO in ch.qos.logback.classic.joran.JoranConfigurator@1a760689 - Registering current configuration as safe fallback point
13:29:38,872 |-INFO in ch.qos.logback.classic.util.ContextInitializer@61a88b8c - ch.qos.logback.classic.util.DefaultJoranConfigurator.configure() call lasted 163 milliseconds. ExecutionStatus=DO_NOT_INVOKE_NEXT_IF_ANY

2024-05-19T13:29:39.017+02:00 &amp#27;[34mINFO &amp#27;[0;39m [main] o.s.t.c.s.AnnotationConfigContextLoaderUtils - Could not detect default configuration classes for test class [htj.gatewayservice.GatewayServiceApplicationTests]: GatewayServiceApplicationTests does not declare any static, non-private, non-final, nested classes annotated with @Configuration.
2024-05-19T13:29:39.136+02:00 &amp#27;[34mINFO &amp#27;[0;39m [main] o.s.b.t.c.SpringBootTestContextBootstrapper - Found @SpringBootConfiguration htj.gatewayservice.GatewayServiceApplication for test class htj.gatewayservice.GatewayServiceApplicationTests
13:29:39,595 |-INFO in ch.qos.logback.core.model.processor.AppenderModelHandler - Processing appender named [STDOUT]
13:29:39,595 |-INFO in ch.qos.logback.core.model.processor.AppenderModelHandler - About to instantiate appender of type [ch.qos.logback.core.ConsoleAppender]
13:29:39,595 |-INFO in ch.qos.logback.core.model.processor.ImplicitModelHandler - Assuming default type [ch.qos.logback.classic.encoder.PatternLayoutEncoder] for [encoder] property
13:29:39,595 |-INFO in ch.qos.logback.core.model.processor.AppenderModelHandler - Processing appender named [SIZE_TIME_OUTPUT_FILE]
13:29:39,595 |-INFO in ch.qos.logback.core.model.processor.AppenderModelHandler - About to instantiate appender of type [ch.qos.logback.core.rolling.RollingFileAppender]
13:29:39,596 |-INFO in ch.qos.logback.core.model.processor.ImplicitModelHandler - Assuming default type [ch.qos.logback.classic.encoder.PatternLayoutEncoder] for [encoder] property
13:29:39,597 |-INFO in c.q.l.core.rolling.TimeBasedRollingPolicy@1468192631 - No compression will be used
13:29:39,597 |-INFO in c.q.l.core.rolling.TimeBasedRollingPolicy@1468192631 - Will use the pattern logs/archived/gateway-service_journal.%d{yyyy-MM-dd}.%i.log for the active file
13:29:39,597 |-INFO in ch.qos.logback.core.rolling.SizeAndTimeBasedFNATP@4f824872 - The date pattern is 'yyyy-MM-dd' from file name pattern 'logs/archived/gateway-service_journal.%d{yyyy-MM-dd}.%i.log'.
13:29:39,597 |-INFO in ch.qos.logback.core.rolling.SizeAndTimeBasedFNATP@4f824872 - Roll-over at midnight.
13:29:39,598 |-INFO in ch.qos.logback.core.rolling.SizeAndTimeBasedFNATP@4f824872 - Setting initial period to 2024-05-19T11:29:39.137Z
13:29:39,598 |-WARN in ch.qos.logback.core.rolling.SizeAndTimeBasedFNATP@4f824872 - SizeAndTimeBasedFNATP is deprecated. Use SizeAndTimeBasedRollingPolicy instead
13:29:39,598 |-WARN in ch.qos.logback.core.rolling.SizeAndTimeBasedFNATP@4f824872 - For more information see http://logback.qos.ch/manual/appenders.html#SizeAndTimeBasedRollingPolicy
13:29:39,598 |-INFO in ch.qos.logback.core.rolling.RollingFileAppender[SIZE_TIME_OUTPUT_FILE] - Active log file name: logs/gateway-service_journal.log
13:29:39,598 |-INFO in ch.qos.logback.core.rolling.RollingFileAppender[SIZE_TIME_OUTPUT_FILE] - File property is set to [logs/gateway-service_journal.log]
13:29:39,599 |-INFO in ch.qos.logback.classic.model.processor.RootLoggerModelHandler - Setting level of ROOT logger to INFO
13:29:39,599 |-INFO in ch.qos.logback.classic.jul.LevelChangePropagator@b016b4e - Propagating INFO level on Logger[ROOT] onto the JUL framework
13:29:39,600 |-INFO in ch.qos.logback.core.model.processor.AppenderRefModelHandler - Attaching appender named [SIZE_TIME_OUTPUT_FILE] to Logger[ROOT]
13:29:39,600 |-INFO in ch.qos.logback.core.model.processor.AppenderRefModelHandler - Attaching appender named [STDOUT] to Logger[ROOT]
13:29:39,600 |-INFO in ch.qos.logback.core.model.processor.DefaultProcessor@29629fbb - End of configuration.
13:29:39,600 |-INFO in org.springframework.boot.logging.logback.SpringBootJoranConfigurator@681adc8f - Registering current configuration as safe fallback point


  .   ____          _            __ _ _
 /\\ / ___'_ __ _ _(_)_ __  __ _ \ \ \ \
( ( )\___ | '_ | '_| | '_ \/ _` | \ \ \ \
 \\/  ___)| |_)| | | | | || (_| |  ) ) ) )
  '  |____| .__|_| |_|_| |_\__, | / / / /
 =========|_|==============|___/=/_/_/_/
 :: Spring Boot ::       (v3.2.0-SNAPSHOT)

2024-05-19T13:29:39.651+02:00 &amp#27;[34mINFO &amp#27;[0;39m [background-preinit] o.h.v.i.u.Version - HV000001: Hibernate Validator 8.0.1.Final
2024-05-19T13:29:39.706+02:00 &amp#27;[34mINFO &amp#27;[0;39m [main] h.g.GatewayServiceApplicationTests - Starting GatewayServiceApplicationTests using Java 17.0.3 with PID 19148 (started by t-jon in C:\Users\t-jon\OneDrive - IEPSCF Marche-en-Famenne\Bac 4 - Info de gestion\Epreuve intégrée\mémoire - code\PROJETRH.V3.1\gateway-service)
2024-05-19T13:29:39.707+02:00 &amp#27;[34mINFO &amp#27;[0;39m [main] h.g.GatewayServiceApplicationTests - No active profile set, falling back to 1 default profile: "default"
2024-05-19T13:29:40.666+02:00 &amp#27;[34mINFO &amp#27;[0;39m [main] o.s.c.c.s.GenericScope - BeanFactory id=23a5485b-1fd5-340b-9ea9-9fd9e275e01f
2024-05-19T13:29:41.644+02:00 &amp#27;[34mINFO &amp#27;[0;39m [main] o.s.c.g.r.RouteDefinitionRouteLocator - Loaded RoutePredicateFactory [After]
2024-05-19T13:29:41.644+02:00 &amp#27;[34mINFO &amp#27;[0;39m [main] o.s.c.g.r.RouteDefinitionRouteLocator - Loaded RoutePredicateFactory [Before]
2024-05-19T13:29:41.644+02:00 &amp#27;[34mINFO &amp#27;[0;39m [main] o.s.c.g.r.RouteDefinitionRouteLocator - Loaded RoutePredicateFactory [Between]
2024-05-19T13:29:41.644+02:00 &amp#27;[34mINFO &amp#27;[0;39m [main] o.s.c.g.r.RouteDefinitionRouteLocator - Loaded RoutePredicateFactory [Cookie]
2024-05-19T13:29:41.644+02:00 &amp#27;[34mINFO &amp#27;[0;39m [main] o.s.c.g.r.RouteDefinitionRouteLocator - Loaded RoutePredicateFactory [Header]
2024-05-19T13:29:41.644+02:00 &amp#27;[34mINFO &amp#27;[0;39m [main] o.s.c.g.r.RouteDefinitionRouteLocator - Loaded RoutePredicateFactory [Host]
2024-05-19T13:29:41.644+02:00 &amp#27;[34mINFO &amp#27;[0;39m [main] o.s.c.g.r.RouteDefinitionRouteLocator - Loaded RoutePredicateFactory [Method]
2024-05-19T13:29:41.644+02:00 &amp#27;[34mINFO &amp#27;[0;39m [main] o.s.c.g.r.RouteDefinitionRouteLocator - Loaded RoutePredicateFactory [Path]
2024-05-19T13:29:41.644+02:00 &amp#27;[34mINFO &amp#27;[0;39m [main] o.s.c.g.r.RouteDefinitionRouteLocator - Loaded RoutePredicateFactory [Query]
2024-05-19T13:29:41.645+02:00 &amp#27;[34mINFO &amp#27;[0;39m [main] o.s.c.g.r.RouteDefinitionRouteLocator - Loaded RoutePredicateFactory [ReadBody]
2024-05-19T13:29:41.645+02:00 &amp#27;[34mINFO &amp#27;[0;39m [main] o.s.c.g.r.RouteDefinitionRouteLocator - Loaded RoutePredicateFactory [RemoteAddr]
2024-05-19T13:29:41.645+02:00 &amp#27;[34mINFO &amp#27;[0;39m [main] o.s.c.g.r.RouteDefinitionRouteLocator - Loaded RoutePredicateFactory [XForwardedRemoteAddr]
2024-05-19T13:29:41.645+02:00 &amp#27;[34mINFO &amp#27;[0;39m [main] o.s.c.g.r.RouteDefinitionRouteLocator - Loaded RoutePredicateFactory [Weight]
2024-05-19T13:29:41.645+02:00 &amp#27;[34mINFO &amp#27;[0;39m [main] o.s.c.g.r.RouteDefinitionRouteLocator - Loaded RoutePredicateFactory [CloudFoundryRouteService]
2024-05-19T13:29:41.982+02:00 &amp#27;[34mINFO &amp#27;[0;39m [main] h.g.GatewayServiceApplicationTests - Started GatewayServiceApplicationTests in 2.676 seconds (process running for 3.893)
]]></system-out>
  </testcase>
</testsuite>