<?xml version="1.0" encoding="UTF-8"?>
<testsuite xmlns:xsi="http://www.w3.org/2001/XMLSchema-instance" xsi:noNamespaceSchemaLocation="https://maven.apache.org/surefire/maven-surefire-plugin/xsd/surefire-test-report-3.0.xsd" version="3.0" name="htj.gatewayservice.GatewayServiceApplicationTests" time="3.927" tests="1" errors="0" skipped="0" failures="0">
  <properties>
[...]
</properties>
  <testcase name="contextLoads" classname="htj.gatewayservice.GatewayServiceApplicationTests" time="0.768">
    <system-out><![CDATA[20:30:45,546 |-INFO in ch.qos.logback.classic.LoggerContext[default] - This is logback-classic version 1.4.11
20:30:45,551 |-INFO in ch.qos.logback.classic.util.ContextInitializer@61a88b8c - Here is a list of configurators discovered as a service, by rank: 
20:30:45,551 |-INFO in ch.qos.logback.classic.util.ContextInitializer@61a88b8c -   org.springframework.boot.logging.logback.RootLogLevelConfigurator
20:30:45,551 |-INFO in ch.qos.logback.classic.util.ContextInitializer@61a88b8c - They will be invoked in order until ExecutionStatus.DO_NOT_INVOKE_NEXT_IF_ANY is returned.
20:30:45,551 |-INFO in ch.qos.logback.classic.util.ContextInitializer@61a88b8c - Constructed configurator of type class org.springframework.boot.logging.logback.RootLogLevelConfigurator
20:30:45,562 |-INFO in ch.qos.logback.classic.util.ContextInitializer@61a88b8c - org.springframework.boot.logging.logback.RootLogLevelConfigurator.configure() call lasted 0 milliseconds. ExecutionStatus=INVOKE_NEXT_IF_ANY
20:30:45,562 |-INFO in ch.qos.logback.classic.util.ContextInitializer@61a88b8c - Trying to configure with ch.qos.logback.classic.joran.SerializedModelConfigurator
20:30:45,563 |-INFO in ch.qos.logback.classic.util.ContextInitializer@61a88b8c - Constructed configurator of type class ch.qos.logback.classic.joran.SerializedModelConfigurator
20:30:45,582 |-INFO in ch.qos.logback.classic.LoggerContext[default] - Could NOT find resource [logback-test.scmo]
20:30:45,583 |-INFO in ch.qos.logback.classic.LoggerContext[default] - Could NOT find resource [logback.scmo]
20:30:45,583 |-INFO in ch.qos.logback.classic.util.ContextInitializer@61a88b8c - ch.qos.logback.classic.joran.SerializedModelConfigurator.configure() call lasted 20 milliseconds. ExecutionStatus=INVOKE_NEXT_IF_ANY
20:30:45,583 |-INFO in ch.qos.logback.classic.util.ContextInitializer@61a88b8c - Trying to configure with ch.qos.logback.classic.util.DefaultJoranConfigurator
20:30:45,583 |-INFO in ch.qos.logback.classic.util.ContextInitializer@61a88b8c - Constructed configurator of type class ch.qos.logback.classic.util.DefaultJoranConfigurator
20:30:45,584 |-INFO in ch.qos.logback.classic.LoggerContext[default] - Could NOT find resource [logback-test.xml]
20:30:45,586 |-INFO in ch.qos.logback.classic.LoggerContext[default] - Found resource [logback.xml] at [file:/C:/Users/t-jon/OneDrive%20-%20IEPSCF%20Marche-en-Famenne/Bac%204%20-%20Info%20de%20gestion/Epreuve%20int%C3%A9gr%C3%A9e/m%C3%A9moire%20-%20code/PROJETRH.V3.3/gateway-service/target/classes/logback.xml]
20:30:45,693 |-INFO in ch.qos.logback.core.model.processor.AppenderModelHandler - Processing appender named [STDOUT]
20:30:45,693 |-INFO in ch.qos.logback.core.model.processor.AppenderModelHandler - About to instantiate appender of type [ch.qos.logback.core.ConsoleAppender]
20:30:45,698 |-INFO in ch.qos.logback.core.model.processor.ImplicitModelHandler - Assuming default type [ch.qos.logback.classic.encoder.PatternLayoutEncoder] for [encoder] property
20:30:45,740 |-INFO in ch.qos.logback.core.model.processor.AppenderModelHandler - Processing appender named [SIZE_TIME_OUTPUT_FILE]
20:30:45,740 |-INFO in ch.qos.logback.core.model.processor.AppenderModelHandler - About to instantiate appender of type [ch.qos.logback.core.rolling.RollingFileAppender]
20:30:45,743 |-INFO in ch.qos.logback.core.model.processor.ImplicitModelHandler - Assuming default type [ch.qos.logback.classic.encoder.PatternLayoutEncoder] for [encoder] property
20:30:45,754 |-INFO in c.q.l.core.rolling.TimeBasedRollingPolicy@573136580 - No compression will be used
20:30:45,755 |-INFO in c.q.l.core.rolling.TimeBasedRollingPolicy@573136580 - Will use the pattern logs/archived/gateway-service_journal.%d{yyyy-MM-dd}.%i.log for the active file
20:30:45,758 |-INFO in ch.qos.logback.core.rolling.SizeAndTimeBasedFNATP@5adb0db3 - The date pattern is 'yyyy-MM-dd' from file name pattern 'logs/archived/gateway-service_journal.%d{yyyy-MM-dd}.%i.log'.
20:30:45,758 |-INFO in ch.qos.logback.core.rolling.SizeAndTimeBasedFNATP@5adb0db3 - Roll-over at midnight.
20:30:45,759 |-INFO in ch.qos.logback.core.rolling.SizeAndTimeBasedFNATP@5adb0db3 - Setting initial period to 2024-05-29T17:49:11.246Z
20:30:45,760 |-WARN in ch.qos.logback.core.rolling.SizeAndTimeBasedFNATP@5adb0db3 - SizeAndTimeBasedFNATP is deprecated. Use SizeAndTimeBasedRollingPolicy instead
20:30:45,760 |-WARN in ch.qos.logback.core.rolling.SizeAndTimeBasedFNATP@5adb0db3 - For more information see http://logback.qos.ch/manual/appenders.html#SizeAndTimeBasedRollingPolicy
20:30:45,766 |-INFO in ch.qos.logback.core.rolling.RollingFileAppender[SIZE_TIME_OUTPUT_FILE] - Active log file name: logs/gateway-service_journal.log
20:30:45,766 |-INFO in ch.qos.logback.core.rolling.RollingFileAppender[SIZE_TIME_OUTPUT_FILE] - File property is set to [logs/gateway-service_journal.log]
20:30:45,767 |-INFO in ch.qos.logback.classic.model.processor.RootLoggerModelHandler - Setting level of ROOT logger to INFO
20:30:45,768 |-INFO in ch.qos.logback.core.model.processor.AppenderRefModelHandler - Attaching appender named [SIZE_TIME_OUTPUT_FILE] to Logger[ROOT]
20:30:45,768 |-INFO in ch.qos.logback.core.model.processor.AppenderRefModelHandler - Attaching appender named [STDOUT] to Logger[ROOT]
20:30:45,768 |-INFO in ch.qos.logback.core.model.processor.DefaultProcessor@3f270e0a - End of configuration.
20:30:45,769 |-INFO in ch.qos.logback.classic.joran.JoranConfigurator@1a760689 - Registering current configuration as safe fallback point
20:30:45,769 |-INFO in ch.qos.logback.classic.util.ContextInitializer@61a88b8c - ch.qos.logback.classic.util.DefaultJoranConfigurator.configure() call lasted 186 milliseconds. ExecutionStatus=DO_NOT_INVOKE_NEXT_IF_ANY

2024-05-29T20:30:45.921+02:00 &amp#27;[34mINFO &amp#27;[0;39m [main] o.s.t.c.s.AnnotationConfigContextLoaderUtils - Could not detect default configuration classes for test class [htj.gatewayservice.GatewayServiceApplicationTests]: GatewayServiceApplicationTests does not declare any static, non-private, non-final, nested classes annotated with @Configuration.
2024-05-29T20:30:46.034+02:00 &amp#27;[34mINFO &amp#27;[0;39m [main] o.s.b.t.c.SpringBootTestContextBootstrapper - Found @SpringBootConfiguration htj.gatewayservice.GatewayServiceApplication for test class htj.gatewayservice.GatewayServiceApplicationTests
20:30:46,475 |-INFO in ch.qos.logback.core.model.processor.AppenderModelHandler - Processing appender named [STDOUT]
20:30:46,475 |-INFO in ch.qos.logback.core.model.processor.AppenderModelHandler - About to instantiate appender of type [ch.qos.logback.core.ConsoleAppender]
20:30:46,475 |-INFO in ch.qos.logback.core.model.processor.ImplicitModelHandler - Assuming default type [ch.qos.logback.classic.encoder.PatternLayoutEncoder] for [encoder] property
20:30:46,475 |-INFO in ch.qos.logback.core.model.processor.AppenderModelHandler - Processing appender named [SIZE_TIME_OUTPUT_FILE]
20:30:46,475 |-INFO in ch.qos.logback.core.model.processor.AppenderModelHandler - About to instantiate appender of type [ch.qos.logback.core.rolling.RollingFileAppender]
20:30:46,475 |-INFO in ch.qos.logback.core.model.processor.ImplicitModelHandler - Assuming default type [ch.qos.logback.classic.encoder.PatternLayoutEncoder] for [encoder] property
20:30:46,476 |-INFO in c.q.l.core.rolling.TimeBasedRollingPolicy@1468192631 - No compression will be used
20:30:46,476 |-INFO in c.q.l.core.rolling.TimeBasedRollingPolicy@1468192631 - Will use the pattern logs/archived/gateway-service_journal.%d{yyyy-MM-dd}.%i.log for the active file
20:30:46,476 |-INFO in ch.qos.logback.core.rolling.SizeAndTimeBasedFNATP@4f824872 - The date pattern is 'yyyy-MM-dd' from file name pattern 'logs/archived/gateway-service_journal.%d{yyyy-MM-dd}.%i.log'.
20:30:46,476 |-INFO in ch.qos.logback.core.rolling.SizeAndTimeBasedFNATP@4f824872 - Roll-over at midnight.
20:30:46,477 |-INFO in ch.qos.logback.core.rolling.SizeAndTimeBasedFNATP@4f824872 - Setting initial period to 2024-05-29T18:30:46.034Z
20:30:46,477 |-WARN in ch.qos.logback.core.rolling.SizeAndTimeBasedFNATP@4f824872 - SizeAndTimeBasedFNATP is deprecated. Use SizeAndTimeBasedRollingPolicy instead
20:30:46,477 |-WARN in ch.qos.logback.core.rolling.SizeAndTimeBasedFNATP@4f824872 - For more information see http://logback.qos.ch/manual/appenders.html#SizeAndTimeBasedRollingPolicy
20:30:46,477 |-INFO in ch.qos.logback.core.rolling.RollingFileAppender[SIZE_TIME_OUTPUT_FILE] - Active log file name: logs/gateway-service_journal.log
20:30:46,477 |-INFO in ch.qos.logback.core.rolling.RollingFileAppender[SIZE_TIME_OUTPUT_FILE] - File property is set to [logs/gateway-service_journal.log]
20:30:46,478 |-INFO in ch.qos.logback.classic.model.processor.RootLoggerModelHandler - Setting level of ROOT logger to INFO
20:30:46,478 |-INFO in ch.qos.logback.classic.jul.LevelChangePropagator@b016b4e - Propagating INFO level on Logger[ROOT] onto the JUL framework
20:30:46,478 |-INFO in ch.qos.logback.core.model.processor.AppenderRefModelHandler - Attaching appender named [SIZE_TIME_OUTPUT_FILE] to Logger[ROOT]
20:30:46,478 |-INFO in ch.qos.logback.core.model.processor.AppenderRefModelHandler - Attaching appender named [STDOUT] to Logger[ROOT]
20:30:46,478 |-INFO in ch.qos.logback.core.model.processor.DefaultProcessor@29629fbb - End of configuration.
20:30:46,478 |-INFO in org.springframework.boot.logging.logback.SpringBootJoranConfigurator@681adc8f - Registering current configuration as safe fallback point


  .   ____          _            __ _ _
 /\\ / ___'_ __ _ _(_)_ __  __ _ \ \ \ \
( ( )\___ | '_ | '_| | '_ \/ _` | \ \ \ \
 \\/  ___)| |_)| | | | | || (_| |  ) ) ) )
  '  |____| .__|_| |_|_| |_\__, | / / / /
 =========|_|==============|___/=/_/_/_/
2024-05-29T20:30:46.512+02:00 &amp#27;[34mINFO &amp#27;[0;39m [background-preinit] o.h.v.i.u.Version - HV000001: Hibernate Validator 8.0.1.Final
 :: Spring Boot ::       (v3.2.0-SNAPSHOT)

2024-05-29T20:30:46.583+02:00 &amp#27;[34mINFO &amp#27;[0;39m [main] h.g.GatewayServiceApplicationTests - Starting GatewayServiceApplicationTests using Java 17.0.3 with PID 20132 (started by t-jon in C:\Users\t-jon\OneDrive - IEPSCF Marche-en-Famenne\Bac 4 - Info de gestion\Epreuve intégrée\mémoire - code\PROJETRH.V3.3\gateway-service)
2024-05-29T20:30:46.584+02:00 &amp#27;[34mINFO &amp#27;[0;39m [main] h.g.GatewayServiceApplicationTests - No active profile set, falling back to 1 default profile: "default"
2024-05-29T20:30:47.561+02:00 &amp#27;[34mINFO &amp#27;[0;39m [main] o.s.c.c.s.GenericScope - BeanFactory id=23a5485b-1fd5-340b-9ea9-9fd9e275e01f
2024-05-29T20:30:48.583+02:00 &amp#27;[34mINFO &amp#27;[0;39m [main] o.s.c.g.r.RouteDefinitionRouteLocator - Loaded RoutePredicateFactory [After]
2024-05-29T20:30:48.584+02:00 &amp#27;[34mINFO &amp#27;[0;39m [main] o.s.c.g.r.RouteDefinitionRouteLocator - Loaded RoutePredicateFactory [Before]
2024-05-29T20:30:48.584+02:00 &amp#27;[34mINFO &amp#27;[0;39m [main] o.s.c.g.r.RouteDefinitionRouteLocator - Loaded RoutePredicateFactory [Between]
2024-05-29T20:30:48.584+02:00 &amp#27;[34mINFO &amp#27;[0;39m [main] o.s.c.g.r.RouteDefinitionRouteLocator - Loaded RoutePredicateFactory [Cookie]
2024-05-29T20:30:48.584+02:00 &amp#27;[34mINFO &amp#27;[0;39m [main] o.s.c.g.r.RouteDefinitionRouteLocator - Loaded RoutePredicateFactory [Header]
2024-05-29T20:30:48.584+02:00 &amp#27;[34mINFO &amp#27;[0;39m [main] o.s.c.g.r.RouteDefinitionRouteLocator - Loaded RoutePredicateFactory [Host]
2024-05-29T20:30:48.584+02:00 &amp#27;[34mINFO &amp#27;[0;39m [main] o.s.c.g.r.RouteDefinitionRouteLocator - Loaded RoutePredicateFactory [Method]
2024-05-29T20:30:48.584+02:00 &amp#27;[34mINFO &amp#27;[0;39m [main] o.s.c.g.r.RouteDefinitionRouteLocator - Loaded RoutePredicateFactory [Path]
2024-05-29T20:30:48.584+02:00 &amp#27;[34mINFO &amp#27;[0;39m [main] o.s.c.g.r.RouteDefinitionRouteLocator - Loaded RoutePredicateFactory [Query]
2024-05-29T20:30:48.584+02:00 &amp#27;[34mINFO &amp#27;[0;39m [main] o.s.c.g.r.RouteDefinitionRouteLocator - Loaded RoutePredicateFactory [ReadBody]
2024-05-29T20:30:48.584+02:00 &amp#27;[34mINFO &amp#27;[0;39m [main] o.s.c.g.r.RouteDefinitionRouteLocator - Loaded RoutePredicateFactory [RemoteAddr]
2024-05-29T20:30:48.584+02:00 &amp#27;[34mINFO &amp#27;[0;39m [main] o.s.c.g.r.RouteDefinitionRouteLocator - Loaded RoutePredicateFactory [XForwardedRemoteAddr]
2024-05-29T20:30:48.584+02:00 &amp#27;[34mINFO &amp#27;[0;39m [main] o.s.c.g.r.RouteDefinitionRouteLocator - Loaded RoutePredicateFactory [Weight]
2024-05-29T20:30:48.584+02:00 &amp#27;[34mINFO &amp#27;[0;39m [main] o.s.c.g.r.RouteDefinitionRouteLocator - Loaded RoutePredicateFactory [CloudFoundryRouteService]
2024-05-29T20:30:48.981+02:00 &amp#27;[34mINFO &amp#27;[0;39m [main] h.g.GatewayServiceApplicationTests - Started GatewayServiceApplicationTests in 2.775 seconds (process running for 4.062)
]]></system-out>
  </testcase>
</testsuite>